{"/home/vlad/workspace/projects/fullstack-javascript-project-6/knexfile.js": {"path":"/home/vlad/workspace/projects/fullstack-javascript-project-6/knexfile.js","statementMap":{"0":{"start":{"line":5,"column":18},"end":{"line":5,"column":57}},"1":{"start":{"line":6,"column":19},"end":{"line":9,"column":1}},"2":{"start":{"line":20,"column":8},"end":{"line":20,"column":51}}},"fnMap":{"0":{"name":"(anonymous_0)","decl":{"start":{"line":19,"column":19},"end":{"line":19,"column":20}},"loc":{"start":{"line":19,"column":35},"end":{"line":21,"column":7}},"line":19}},"branchMap":{},"s":{"0":6,"1":6,"2":0},"f":{"0":0},"b":{},"_coverageSchema":"1a1c01bbd47fc00a2c39e90264f33305004495a9","hash":"61fb532e99e5088070790670468109b895871105"}
,"/home/vlad/workspace/projects/fullstack-javascript-project-6/src/server.js": {"path":"/home/vlad/workspace/projects/fullstack-javascript-project-6/src/server.js","statementMap":{"0":{"start":{"line":23,"column":18},"end":{"line":23,"column":57}},"1":{"start":{"line":25,"column":13},"end":{"line":25,"column":50}},"2":{"start":{"line":27,"column":21},"end":{"line":34,"column":1}},"3":{"start":{"line":28,"column":2},"end":{"line":33,"column":5}},"4":{"start":{"line":36,"column":24},"end":{"line":68,"column":1}},"5":{"start":{"line":37,"column":2},"end":{"line":37,"column":44}},"6":{"start":{"line":38,"column":2},"end":{"line":38,"column":37}},"7":{"start":{"line":39,"column":2},"end":{"line":39,"column":54}},"8":{"start":{"line":40,"column":2},"end":{"line":43,"column":5}},"9":{"start":{"line":44,"column":2},"end":{"line":44,"column":100}},"10":{"start":{"line":45,"column":2},"end":{"line":45,"column":45}},"11":{"start":{"line":46,"column":2},"end":{"line":46,"column":48}},"12":{"start":{"line":47,"column":2},"end":{"line":53,"column":6}},"13":{"start":{"line":48,"column":17},"end":{"line":48,"column":75}},"14":{"start":{"line":49,"column":4},"end":{"line":51,"column":5}},"15":{"start":{"line":50,"column":6},"end":{"line":50,"column":30}},"16":{"start":{"line":52,"column":4},"end":{"line":52,"column":29}},"17":{"start":{"line":54,"column":2},"end":{"line":54,"column":66}},"18":{"start":{"line":54,"column":57},"end":{"line":54,"column":64}},"19":{"start":{"line":55,"column":2},"end":{"line":58,"column":5}},"20":{"start":{"line":56,"column":17},"end":{"line":56,"column":63}},"21":{"start":{"line":57,"column":4},"end":{"line":57,"column":16}},"22":{"start":{"line":59,"column":2},"end":{"line":59,"column":38}},"23":{"start":{"line":60,"column":2},"end":{"line":67,"column":5}},"24":{"start":{"line":61,"column":4},"end":{"line":63,"column":5}},"25":{"start":{"line":62,"column":6},"end":{"line":62,"column":18}},"26":{"start":{"line":64,"column":4},"end":{"line":64,"column":67}},"27":{"start":{"line":65,"column":4},"end":{"line":65,"column":41}},"28":{"start":{"line":66,"column":4},"end":{"line":66,"column":17}},"29":{"start":{"line":70,"column":26},"end":{"line":75,"column":1}},"30":{"start":{"line":71,"column":2},"end":{"line":74,"column":5}},"31":{"start":{"line":77,"column":19},"end":{"line":105,"column":1}},"32":{"start":{"line":78,"column":2},"end":{"line":101,"column":5}},"33":{"start":{"line":85,"column":18},"end":{"line":85,"column":32}},"34":{"start":{"line":86,"column":34},"end":{"line":86,"column":60}},"35":{"start":{"line":89,"column":8},"end":{"line":98,"column":9}},"36":{"start":{"line":91,"column":12},"end":{"line":91,"column":28}},"37":{"start":{"line":93,"column":12},"end":{"line":93,"column":29}},"38":{"start":{"line":95,"column":12},"end":{"line":95,"column":26}},"39":{"start":{"line":97,"column":12},"end":{"line":97,"column":59}},"40":{"start":{"line":102,"column":2},"end":{"line":104,"column":5}},"41":{"start":{"line":103,"column":4},"end":{"line":103,"column":52}},"42":{"start":{"line":107,"column":17},"end":{"line":115,"column":1}},"43":{"start":{"line":108,"column":2},"end":{"line":114,"column":5}},"44":{"start":{"line":110,"column":4},"end":{"line":112,"column":6}},"45":{"start":{"line":113,"column":4},"end":{"line":113,"column":11}},"46":{"start":{"line":117,"column":20},"end":{"line":127,"column":1}},"47":{"start":{"line":118,"column":18},"end":{"line":122,"column":4}},"48":{"start":{"line":124,"column":2},"end":{"line":126,"column":5}},"49":{"start":{"line":125,"column":4},"end":{"line":125,"column":23}},"50":{"start":{"line":131,"column":2},"end":{"line":131,"column":29}},"51":{"start":{"line":132,"column":2},"end":{"line":132,"column":25}},"52":{"start":{"line":133,"column":2},"end":{"line":133,"column":26}},"53":{"start":{"line":134,"column":2},"end":{"line":134,"column":18}},"54":{"start":{"line":135,"column":2},"end":{"line":135,"column":17}},"55":{"start":{"line":136,"column":2},"end":{"line":136,"column":16}},"56":{"start":{"line":137,"column":2},"end":{"line":137,"column":19}},"57":{"start":{"line":138,"column":2},"end":{"line":138,"column":13}}},"fnMap":{"0":{"name":"(anonymous_0)","decl":{"start":{"line":27,"column":21},"end":{"line":27,"column":22}},"loc":{"start":{"line":27,"column":33},"end":{"line":34,"column":1}},"line":27},"1":{"name":"(anonymous_1)","decl":{"start":{"line":36,"column":24},"end":{"line":36,"column":25}},"loc":{"start":{"line":36,"column":39},"end":{"line":68,"column":1}},"line":36},"2":{"name":"(anonymous_2)","decl":{"start":{"line":47,"column":116},"end":{"line":47,"column":117}},"loc":{"start":{"line":47,"column":149},"end":{"line":53,"column":3}},"line":47},"3":{"name":"(anonymous_3)","decl":{"start":{"line":54,"column":41},"end":{"line":54,"column":42}},"loc":{"start":{"line":54,"column":57},"end":{"line":54,"column":64}},"line":54},"4":{"name":"(anonymous_4)","decl":{"start":{"line":55,"column":43},"end":{"line":55,"column":44}},"loc":{"start":{"line":55,"column":57},"end":{"line":58,"column":3}},"line":55},"5":{"name":"(anonymous_5)","decl":{"start":{"line":60,"column":25},"end":{"line":60,"column":26}},"loc":{"start":{"line":60,"column":45},"end":{"line":67,"column":3}},"line":60},"6":{"name":"(anonymous_6)","decl":{"start":{"line":70,"column":26},"end":{"line":70,"column":27}},"loc":{"start":{"line":70,"column":35},"end":{"line":75,"column":1}},"line":70},"7":{"name":"(anonymous_7)","decl":{"start":{"line":77,"column":19},"end":{"line":77,"column":20}},"loc":{"start":{"line":77,"column":28},"end":{"line":105,"column":1}},"line":77},"8":{"name":"(anonymous_8)","decl":{"start":{"line":85,"column":9},"end":{"line":85,"column":10}},"loc":{"start":{"line":85,"column":18},"end":{"line":85,"column":32}},"line":85},"9":{"name":"(anonymous_9)","decl":{"start":{"line":86,"column":15},"end":{"line":86,"column":16}},"loc":{"start":{"line":86,"column":34},"end":{"line":86,"column":60}},"line":86},"10":{"name":"(anonymous_10)","decl":{"start":{"line":88,"column":21},"end":{"line":88,"column":22}},"loc":{"start":{"line":88,"column":31},"end":{"line":99,"column":7}},"line":88},"11":{"name":"render","decl":{"start":{"line":102,"column":39},"end":{"line":102,"column":45}},"loc":{"start":{"line":102,"column":64},"end":{"line":104,"column":3}},"line":102},"12":{"name":"(anonymous_12)","decl":{"start":{"line":107,"column":17},"end":{"line":107,"column":18}},"loc":{"start":{"line":107,"column":26},"end":{"line":115,"column":1}},"line":107},"13":{"name":"(anonymous_13)","decl":{"start":{"line":108,"column":28},"end":{"line":108,"column":29}},"loc":{"start":{"line":108,"column":54},"end":{"line":114,"column":3}},"line":108},"14":{"name":"(anonymous_14)","decl":{"start":{"line":117,"column":20},"end":{"line":117,"column":21}},"loc":{"start":{"line":117,"column":29},"end":{"line":127,"column":1}},"line":117},"15":{"name":"(anonymous_15)","decl":{"start":{"line":124,"column":22},"end":{"line":124,"column":23}},"loc":{"start":{"line":124,"column":33},"end":{"line":126,"column":3}},"line":124},"16":{"name":"(anonymous_16)","decl":{"start":{"line":130,"column":15},"end":{"line":130,"column":16}},"loc":{"start":{"line":130,"column":39},"end":{"line":139,"column":1}},"line":130}},"branchMap":{"0":{"loc":{"start":{"line":25,"column":13},"end":{"line":25,"column":50}},"type":"binary-expr","locations":[{"start":{"line":25,"column":13},"end":{"line":25,"column":33}},{"start":{"line":25,"column":37},"end":{"line":25,"column":50}}],"line":25},"1":{"loc":{"start":{"line":49,"column":4},"end":{"line":51,"column":5}},"type":"if","locations":[{"start":{"line":49,"column":4},"end":{"line":51,"column":5}},{"start":{},"end":{}}],"line":49},"2":{"loc":{"start":{"line":49,"column":8},"end":{"line":49,"column":45}},"type":"binary-expr","locations":[{"start":{"line":49,"column":8},"end":{"line":49,"column":12}},{"start":{"line":49,"column":16},"end":{"line":49,"column":45}}],"line":49},"3":{"loc":{"start":{"line":61,"column":4},"end":{"line":63,"column":5}},"type":"if","locations":[{"start":{"line":61,"column":4},"end":{"line":63,"column":5}},{"start":{},"end":{}}],"line":61},"4":{"loc":{"start":{"line":89,"column":8},"end":{"line":98,"column":9}},"type":"switch","locations":[{"start":{"line":90,"column":10},"end":{"line":91,"column":28}},{"start":{"line":92,"column":10},"end":{"line":93,"column":29}},{"start":{"line":94,"column":10},"end":{"line":95,"column":26}},{"start":{"line":96,"column":10},"end":{"line":97,"column":59}}],"line":89}},"s":{"0":6,"1":6,"2":6,"3":6,"4":6,"5":6,"6":6,"7":6,"8":6,"9":6,"10":6,"11":6,"12":6,"13":13,"14":13,"15":12,"16":1,"17":6,"18":12,"19":6,"20":23,"21":23,"22":6,"23":6,"24":38,"25":21,"26":17,"27":17,"28":17,"29":6,"30":6,"31":6,"32":6,"33":137,"34":78,"35":6,"36":0,"37":6,"38":0,"39":0,"40":6,"41":10,"42":6,"43":6,"44":58,"45":58,"46":6,"47":6,"48":6,"49":0,"50":6,"51":6,"52":6,"53":6,"54":6,"55":6,"56":6,"57":6},"f":{"0":6,"1":6,"2":13,"3":12,"4":23,"5":38,"6":6,"7":6,"8":137,"9":78,"10":6,"11":10,"12":6,"13":58,"14":6,"15":0,"16":6},"b":{"0":[6,0],"1":[12,1],"2":[13,13],"3":[21,17],"4":[0,6,0,0]},"_coverageSchema":"1a1c01bbd47fc00a2c39e90264f33305004495a9","hash":"c3aea0d6546f8a0a836da1a616fe86de22187010"}
,"/home/vlad/workspace/projects/fullstack-javascript-project-6/src/locales/ru.js": {"path":"/home/vlad/workspace/projects/fullstack-javascript-project-6/src/locales/ru.js","statementMap":{},"fnMap":{},"branchMap":{},"s":{},"f":{},"b":{},"_coverageSchema":"1a1c01bbd47fc00a2c39e90264f33305004495a9","hash":"fa7c4e1f9804b1ce236f4945fd8e8a3bc5fdc4b5"}
,"/home/vlad/workspace/projects/fullstack-javascript-project-6/src/migrations/20221024034526_create_users_table.cjs": {"path":"/home/vlad/workspace/projects/fullstack-javascript-project-6/src/migrations/20221024034526_create_users_table.cjs","statementMap":{"0":{"start":{"line":3,"column":0},"end":{"line":12,"column":2}},"1":{"start":{"line":4,"column":4},"end":{"line":11,"column":6}},"2":{"start":{"line":5,"column":6},"end":{"line":5,"column":39}},"3":{"start":{"line":6,"column":6},"end":{"line":6,"column":33}},"4":{"start":{"line":7,"column":6},"end":{"line":7,"column":32}},"5":{"start":{"line":8,"column":6},"end":{"line":8,"column":28}},"6":{"start":{"line":9,"column":6},"end":{"line":9,"column":38}},"7":{"start":{"line":10,"column":6},"end":{"line":10,"column":61}},"8":{"start":{"line":14,"column":0},"end":{"line":16,"column":2}},"9":{"start":{"line":15,"column":4},"end":{"line":15,"column":42}}},"fnMap":{"0":{"name":"(anonymous_0)","decl":{"start":{"line":3,"column":13},"end":{"line":3,"column":14}},"loc":{"start":{"line":3,"column":28},"end":{"line":12,"column":1}},"line":3},"1":{"name":"(anonymous_1)","decl":{"start":{"line":4,"column":44},"end":{"line":4,"column":45}},"loc":{"start":{"line":4,"column":55},"end":{"line":11,"column":5}},"line":4},"2":{"name":"(anonymous_2)","decl":{"start":{"line":14,"column":15},"end":{"line":14,"column":16}},"loc":{"start":{"line":14,"column":30},"end":{"line":16,"column":1}},"line":14}},"branchMap":{},"s":{"0":5,"1":5,"2":5,"3":5,"4":5,"5":5,"6":5,"7":5,"8":5,"9":0},"f":{"0":5,"1":5,"2":0},"b":{},"inputSourceMap":null,"_coverageSchema":"1a1c01bbd47fc00a2c39e90264f33305004495a9","hash":"f29525b0672324150ddff369ad0adac92130411d"}
,"/home/vlad/workspace/projects/fullstack-javascript-project-6/src/migrations/20221027044945_create_tasks_statuses_table.cjs": {"path":"/home/vlad/workspace/projects/fullstack-javascript-project-6/src/migrations/20221027044945_create_tasks_statuses_table.cjs","statementMap":{"0":{"start":{"line":2,"column":0},"end":{"line":8,"column":4}},"1":{"start":{"line":3,"column":4},"end":{"line":7,"column":6}},"2":{"start":{"line":4,"column":6},"end":{"line":4,"column":39}},"3":{"start":{"line":5,"column":6},"end":{"line":5,"column":27}},"4":{"start":{"line":6,"column":6},"end":{"line":6,"column":61}},"5":{"start":{"line":10,"column":2},"end":{"line":12,"column":4}},"6":{"start":{"line":11,"column":4},"end":{"line":11,"column":50}}},"fnMap":{"0":{"name":"(anonymous_0)","decl":{"start":{"line":2,"column":13},"end":{"line":2,"column":14}},"loc":{"start":{"line":2,"column":28},"end":{"line":8,"column":3}},"line":2},"1":{"name":"(anonymous_1)","decl":{"start":{"line":3,"column":52},"end":{"line":3,"column":53}},"loc":{"start":{"line":3,"column":63},"end":{"line":7,"column":5}},"line":3},"2":{"name":"(anonymous_2)","decl":{"start":{"line":10,"column":17},"end":{"line":10,"column":18}},"loc":{"start":{"line":10,"column":32},"end":{"line":12,"column":3}},"line":10}},"branchMap":{},"s":{"0":5,"1":5,"2":5,"3":5,"4":5,"5":5,"6":0},"f":{"0":5,"1":5,"2":0},"b":{},"inputSourceMap":null,"_coverageSchema":"1a1c01bbd47fc00a2c39e90264f33305004495a9","hash":"0cdf4a180958e313ca9885c71e91aa69eee9a4ba"}
,"/home/vlad/workspace/projects/fullstack-javascript-project-6/src/migrations/20221027044955_create_tasks_table.cjs": {"path":"/home/vlad/workspace/projects/fullstack-javascript-project-6/src/migrations/20221027044955_create_tasks_table.cjs","statementMap":{"0":{"start":{"line":2,"column":0},"end":{"line":16,"column":4}},"1":{"start":{"line":3,"column":4},"end":{"line":15,"column":6}},"2":{"start":{"line":4,"column":6},"end":{"line":4,"column":39}},"3":{"start":{"line":5,"column":6},"end":{"line":5,"column":27}},"4":{"start":{"line":6,"column":6},"end":{"line":6,"column":34}},"5":{"start":{"line":7,"column":6},"end":{"line":7,"column":33}},"6":{"start":{"line":8,"column":6},"end":{"line":8,"column":34}},"7":{"start":{"line":9,"column":6},"end":{"line":9,"column":35}},"8":{"start":{"line":10,"column":6},"end":{"line":10,"column":61}},"9":{"start":{"line":12,"column":6},"end":{"line":12,"column":75}},"10":{"start":{"line":13,"column":6},"end":{"line":13,"column":68}},"11":{"start":{"line":14,"column":6},"end":{"line":14,"column":69}},"12":{"start":{"line":18,"column":2},"end":{"line":20,"column":4}},"13":{"start":{"line":19,"column":4},"end":{"line":19,"column":42}}},"fnMap":{"0":{"name":"(anonymous_0)","decl":{"start":{"line":2,"column":13},"end":{"line":2,"column":14}},"loc":{"start":{"line":2,"column":28},"end":{"line":16,"column":3}},"line":2},"1":{"name":"(anonymous_1)","decl":{"start":{"line":3,"column":44},"end":{"line":3,"column":45}},"loc":{"start":{"line":3,"column":55},"end":{"line":15,"column":5}},"line":3},"2":{"name":"(anonymous_2)","decl":{"start":{"line":18,"column":17},"end":{"line":18,"column":18}},"loc":{"start":{"line":18,"column":32},"end":{"line":20,"column":3}},"line":18}},"branchMap":{},"s":{"0":5,"1":5,"2":5,"3":5,"4":5,"5":5,"6":5,"7":5,"8":5,"9":5,"10":5,"11":5,"12":5,"13":0},"f":{"0":5,"1":5,"2":0},"b":{},"inputSourceMap":null,"_coverageSchema":"1a1c01bbd47fc00a2c39e90264f33305004495a9","hash":"6aabdbe91eb0730891103f3ab1f0dc519737573a"}
,"/home/vlad/workspace/projects/fullstack-javascript-project-6/src/migrations/20221031171659_create_labels_table.cjs": {"path":"/home/vlad/workspace/projects/fullstack-javascript-project-6/src/migrations/20221031171659_create_labels_table.cjs","statementMap":{"0":{"start":{"line":2,"column":0},"end":{"line":8,"column":4}},"1":{"start":{"line":3,"column":4},"end":{"line":7,"column":6}},"2":{"start":{"line":4,"column":6},"end":{"line":4,"column":39}},"3":{"start":{"line":5,"column":6},"end":{"line":5,"column":27}},"4":{"start":{"line":6,"column":6},"end":{"line":6,"column":61}},"5":{"start":{"line":10,"column":2},"end":{"line":12,"column":4}},"6":{"start":{"line":11,"column":4},"end":{"line":11,"column":43}}},"fnMap":{"0":{"name":"(anonymous_0)","decl":{"start":{"line":2,"column":13},"end":{"line":2,"column":14}},"loc":{"start":{"line":2,"column":28},"end":{"line":8,"column":3}},"line":2},"1":{"name":"(anonymous_1)","decl":{"start":{"line":3,"column":45},"end":{"line":3,"column":46}},"loc":{"start":{"line":3,"column":56},"end":{"line":7,"column":5}},"line":3},"2":{"name":"(anonymous_2)","decl":{"start":{"line":10,"column":17},"end":{"line":10,"column":18}},"loc":{"start":{"line":10,"column":32},"end":{"line":12,"column":3}},"line":10}},"branchMap":{},"s":{"0":5,"1":5,"2":5,"3":5,"4":5,"5":5,"6":0},"f":{"0":5,"1":5,"2":0},"b":{},"inputSourceMap":null,"_coverageSchema":"1a1c01bbd47fc00a2c39e90264f33305004495a9","hash":"2d1b9e7ba8f8d6279df4d363b2ad6df6244f821d"}
,"/home/vlad/workspace/projects/fullstack-javascript-project-6/src/migrations/20221031171712_create_tasks_labels_table.cjs": {"path":"/home/vlad/workspace/projects/fullstack-javascript-project-6/src/migrations/20221031171712_create_tasks_labels_table.cjs","statementMap":{"0":{"start":{"line":2,"column":0},"end":{"line":10,"column":4}},"1":{"start":{"line":3,"column":4},"end":{"line":9,"column":6}},"2":{"start":{"line":4,"column":6},"end":{"line":4,"column":31}},"3":{"start":{"line":5,"column":6},"end":{"line":5,"column":32}},"4":{"start":{"line":7,"column":6},"end":{"line":7,"column":65}},"5":{"start":{"line":8,"column":6},"end":{"line":8,"column":67}},"6":{"start":{"line":12,"column":2},"end":{"line":14,"column":4}},"7":{"start":{"line":13,"column":4},"end":{"line":13,"column":49}}},"fnMap":{"0":{"name":"(anonymous_0)","decl":{"start":{"line":2,"column":13},"end":{"line":2,"column":14}},"loc":{"start":{"line":2,"column":28},"end":{"line":10,"column":3}},"line":2},"1":{"name":"(anonymous_1)","decl":{"start":{"line":3,"column":51},"end":{"line":3,"column":52}},"loc":{"start":{"line":3,"column":62},"end":{"line":9,"column":5}},"line":3},"2":{"name":"(anonymous_2)","decl":{"start":{"line":12,"column":17},"end":{"line":12,"column":18}},"loc":{"start":{"line":12,"column":32},"end":{"line":14,"column":3}},"line":12}},"branchMap":{},"s":{"0":5,"1":5,"2":5,"3":5,"4":5,"5":5,"6":5,"7":0},"f":{"0":5,"1":5,"2":0},"b":{},"inputSourceMap":null,"_coverageSchema":"1a1c01bbd47fc00a2c39e90264f33305004495a9","hash":"c64727da1c4b8e25146e8559eeb18f5bd138338a"}
,"/home/vlad/workspace/projects/fullstack-javascript-project-6/src/models/Label.js": {"path":"/home/vlad/workspace/projects/fullstack-javascript-project-6/src/models/Label.js","statementMap":{"0":{"start":{"line":5,"column":4},"end":{"line":5,"column":20}},"1":{"start":{"line":9,"column":4},"end":{"line":15,"column":6}}},"fnMap":{"0":{"name":"(anonymous_0)","decl":{"start":{"line":4,"column":2},"end":{"line":4,"column":3}},"loc":{"start":{"line":4,"column":25},"end":{"line":6,"column":3}},"line":4},"1":{"name":"(anonymous_1)","decl":{"start":{"line":8,"column":2},"end":{"line":8,"column":3}},"loc":{"start":{"line":8,"column":26},"end":{"line":16,"column":3}},"line":8}},"branchMap":{},"s":{"0":82,"1":2},"f":{"0":82,"1":2},"b":{},"_coverageSchema":"1a1c01bbd47fc00a2c39e90264f33305004495a9","hash":"e67948ad96f24b04fc3dc3d3d936f48db3bba236"}
,"/home/vlad/workspace/projects/fullstack-javascript-project-6/src/models/Task.js": {"path":"/home/vlad/workspace/projects/fullstack-javascript-project-6/src/models/Task.js","statementMap":{"0":{"start":{"line":8,"column":4},"end":{"line":8,"column":19}},"1":{"start":{"line":12,"column":4},"end":{"line":20,"column":6}},"2":{"start":{"line":24,"column":4},"end":{"line":63,"column":6}}},"fnMap":{"0":{"name":"(anonymous_0)","decl":{"start":{"line":7,"column":2},"end":{"line":7,"column":3}},"loc":{"start":{"line":7,"column":25},"end":{"line":9,"column":3}},"line":7},"1":{"name":"(anonymous_1)","decl":{"start":{"line":11,"column":2},"end":{"line":11,"column":3}},"loc":{"start":{"line":11,"column":26},"end":{"line":21,"column":3}},"line":11},"2":{"name":"(anonymous_2)","decl":{"start":{"line":23,"column":2},"end":{"line":23,"column":3}},"loc":{"start":{"line":23,"column":32},"end":{"line":64,"column":3}},"line":23}},"branchMap":{},"s":{"0":117,"1":1,"2":1},"f":{"0":117,"1":1,"2":1},"b":{},"_coverageSchema":"1a1c01bbd47fc00a2c39e90264f33305004495a9","hash":"23290274d0ee9c09b161269f0116539aa8ff9358"}
,"/home/vlad/workspace/projects/fullstack-javascript-project-6/src/models/TaskStatus.js": {"path":"/home/vlad/workspace/projects/fullstack-javascript-project-6/src/models/TaskStatus.js","statementMap":{"0":{"start":{"line":5,"column":4},"end":{"line":5,"column":27}},"1":{"start":{"line":9,"column":4},"end":{"line":15,"column":6}}},"fnMap":{"0":{"name":"(anonymous_0)","decl":{"start":{"line":4,"column":2},"end":{"line":4,"column":3}},"loc":{"start":{"line":4,"column":25},"end":{"line":6,"column":3}},"line":4},"1":{"name":"(anonymous_1)","decl":{"start":{"line":8,"column":2},"end":{"line":8,"column":3}},"loc":{"start":{"line":8,"column":26},"end":{"line":16,"column":3}},"line":8}},"branchMap":{},"s":{"0":81,"1":2},"f":{"0":81,"1":2},"b":{},"_coverageSchema":"1a1c01bbd47fc00a2c39e90264f33305004495a9","hash":"d26fa17ff391dc2dd780f040953499328f99ea04"}
,"/home/vlad/workspace/projects/fullstack-javascript-project-6/src/models/User.js": {"path":"/home/vlad/workspace/projects/fullstack-javascript-project-6/src/models/User.js","statementMap":{"0":{"start":{"line":5,"column":15},"end":{"line":7,"column":2}},"1":{"start":{"line":11,"column":4},"end":{"line":11,"column":19}},"2":{"start":{"line":15,"column":4},"end":{"line":24,"column":6}},"3":{"start":{"line":28,"column":4},"end":{"line":28,"column":82}},"4":{"start":{"line":32,"column":4},"end":{"line":32,"column":94}}},"fnMap":{"0":{"name":"(anonymous_0)","decl":{"start":{"line":10,"column":2},"end":{"line":10,"column":3}},"loc":{"start":{"line":10,"column":25},"end":{"line":12,"column":3}},"line":10},"1":{"name":"(anonymous_1)","decl":{"start":{"line":14,"column":2},"end":{"line":14,"column":3}},"loc":{"start":{"line":14,"column":26},"end":{"line":25,"column":3}},"line":14},"2":{"name":"(anonymous_2)","decl":{"start":{"line":27,"column":2},"end":{"line":27,"column":3}},"loc":{"start":{"line":27,"column":22},"end":{"line":29,"column":3}},"line":27},"3":{"name":"(anonymous_3)","decl":{"start":{"line":31,"column":2},"end":{"line":31,"column":3}},"loc":{"start":{"line":31,"column":27},"end":{"line":33,"column":3}},"line":31}},"branchMap":{},"s":{"0":6,"1":260,"2":5,"3":2,"4":13},"f":{"0":260,"1":5,"2":2,"3":13},"b":{},"_coverageSchema":"1a1c01bbd47fc00a2c39e90264f33305004495a9","hash":"9b2e5da19f7233996a21200698708fec59ab268e"}
,"/home/vlad/workspace/projects/fullstack-javascript-project-6/src/models/index.js": {"path":"/home/vlad/workspace/projects/fullstack-javascript-project-6/src/models/index.js","statementMap":{},"fnMap":{},"branchMap":{},"s":{},"f":{},"b":{},"_coverageSchema":"1a1c01bbd47fc00a2c39e90264f33305004495a9","hash":"b61fa10484b27b58e7bff584013c450441a9872a"}
,"/home/vlad/workspace/projects/fullstack-javascript-project-6/src/routes/add-routes.js": {"path":"/home/vlad/workspace/projects/fullstack-javascript-project-6/src/routes/add-routes.js","statementMap":{"0":{"start":{"line":8,"column":20},"end":{"line":8,"column":68}},"1":{"start":{"line":10,"column":24},"end":{"line":10,"column":76}},"2":{"start":{"line":10,"column":60},"end":{"line":10,"column":75}}},"fnMap":{"0":{"name":"(anonymous_0)","decl":{"start":{"line":10,"column":15},"end":{"line":10,"column":16}},"loc":{"start":{"line":10,"column":24},"end":{"line":10,"column":76}},"line":10},"1":{"name":"(anonymous_1)","decl":{"start":{"line":10,"column":44},"end":{"line":10,"column":45}},"loc":{"start":{"line":10,"column":60},"end":{"line":10,"column":75}},"line":10}},"branchMap":{},"s":{"0":6,"1":6,"2":36},"f":{"0":6,"1":36},"b":{},"_coverageSchema":"1a1c01bbd47fc00a2c39e90264f33305004495a9","hash":"23ca108b851d5d1aefcbd103fa41f57f487c27f7"}
,"/home/vlad/workspace/projects/fullstack-javascript-project-6/src/routes/index.js": {"path":"/home/vlad/workspace/projects/fullstack-javascript-project-6/src/routes/index.js","statementMap":{"0":{"start":{"line":2,"column":2},"end":{"line":2,"column":77}},"1":{"start":{"line":2,"column":54},"end":{"line":2,"column":75}},"2":{"start":{"line":3,"column":2},"end":{"line":3,"column":85}},"3":{"start":{"line":3,"column":57},"end":{"line":3,"column":83}}},"fnMap":{"0":{"name":"(anonymous_0)","decl":{"start":{"line":1,"column":15},"end":{"line":1,"column":16}},"loc":{"start":{"line":1,"column":24},"end":{"line":4,"column":1}},"line":1},"1":{"name":"(anonymous_1)","decl":{"start":{"line":2,"column":34},"end":{"line":2,"column":35}},"loc":{"start":{"line":2,"column":54},"end":{"line":2,"column":75}},"line":2},"2":{"name":"(anonymous_2)","decl":{"start":{"line":3,"column":37},"end":{"line":3,"column":38}},"loc":{"start":{"line":3,"column":57},"end":{"line":3,"column":83}},"line":3}},"branchMap":{},"s":{"0":6,"1":1,"2":6,"3":0},"f":{"0":6,"1":1,"2":0},"b":{},"_coverageSchema":"1a1c01bbd47fc00a2c39e90264f33305004495a9","hash":"169fa43ce53bd39cbe2ee7825574b15f71dd4a28"}
,"/home/vlad/workspace/projects/fullstack-javascript-project-6/src/routes/labels.js": {"path":"/home/vlad/workspace/projects/fullstack-javascript-project-6/src/routes/labels.js","statementMap":{"0":{"start":{"line":4,"column":2},"end":{"line":12,"column":5}},"1":{"start":{"line":5,"column":4},"end":{"line":7,"column":5}},"2":{"start":{"line":6,"column":6},"end":{"line":6,"column":19}},"3":{"start":{"line":9,"column":19},"end":{"line":9,"column":59}},"4":{"start":{"line":10,"column":4},"end":{"line":10,"column":45}},"5":{"start":{"line":11,"column":4},"end":{"line":11,"column":17}},"6":{"start":{"line":13,"column":2},"end":{"line":20,"column":5}},"7":{"start":{"line":14,"column":4},"end":{"line":16,"column":5}},"8":{"start":{"line":15,"column":6},"end":{"line":15,"column":19}},"9":{"start":{"line":18,"column":4},"end":{"line":18,"column":31}},"10":{"start":{"line":19,"column":4},"end":{"line":19,"column":17}},"11":{"start":{"line":21,"column":2},"end":{"line":30,"column":5}},"12":{"start":{"line":22,"column":4},"end":{"line":24,"column":5}},"13":{"start":{"line":23,"column":6},"end":{"line":23,"column":19}},"14":{"start":{"line":26,"column":19},"end":{"line":26,"column":33}},"15":{"start":{"line":27,"column":18},"end":{"line":27,"column":71}},"16":{"start":{"line":28,"column":4},"end":{"line":28,"column":43}},"17":{"start":{"line":29,"column":4},"end":{"line":29,"column":17}},"18":{"start":{"line":31,"column":2},"end":{"line":46,"column":5}},"19":{"start":{"line":32,"column":4},"end":{"line":34,"column":5}},"20":{"start":{"line":33,"column":6},"end":{"line":33,"column":19}},"21":{"start":{"line":36,"column":4},"end":{"line":44,"column":5}},"22":{"start":{"line":37,"column":25},"end":{"line":37,"column":85}},"23":{"start":{"line":38,"column":6},"end":{"line":38,"column":66}},"24":{"start":{"line":39,"column":6},"end":{"line":39,"column":66}},"25":{"start":{"line":40,"column":6},"end":{"line":40,"column":44}},"26":{"start":{"line":42,"column":6},"end":{"line":42,"column":68}},"27":{"start":{"line":43,"column":6},"end":{"line":43,"column":85}},"28":{"start":{"line":45,"column":4},"end":{"line":45,"column":17}},"29":{"start":{"line":47,"column":2},"end":{"line":64,"column":5}},"30":{"start":{"line":48,"column":4},"end":{"line":50,"column":5}},"31":{"start":{"line":49,"column":6},"end":{"line":49,"column":19}},"32":{"start":{"line":52,"column":19},"end":{"line":52,"column":33}},"33":{"start":{"line":53,"column":18},"end":{"line":53,"column":50}},"34":{"start":{"line":54,"column":4},"end":{"line":54,"column":45}},"35":{"start":{"line":55,"column":4},"end":{"line":62,"column":5}},"36":{"start":{"line":56,"column":6},"end":{"line":56,"column":65}},"37":{"start":{"line":57,"column":6},"end":{"line":57,"column":63}},"38":{"start":{"line":58,"column":6},"end":{"line":58,"column":44}},"39":{"start":{"line":60,"column":6},"end":{"line":60,"column":66}},"40":{"start":{"line":61,"column":6},"end":{"line":61,"column":85}},"41":{"start":{"line":63,"column":4},"end":{"line":63,"column":17}},"42":{"start":{"line":65,"column":2},"end":{"line":81,"column":5}},"43":{"start":{"line":66,"column":4},"end":{"line":68,"column":5}},"44":{"start":{"line":67,"column":6},"end":{"line":67,"column":19}},"45":{"start":{"line":70,"column":4},"end":{"line":79,"column":5}},"46":{"start":{"line":71,"column":21},"end":{"line":71,"column":35}},"47":{"start":{"line":72,"column":6},"end":{"line":73,"column":24}},"48":{"start":{"line":74,"column":6},"end":{"line":74,"column":65}},"49":{"start":{"line":75,"column":6},"end":{"line":75,"column":44}},"50":{"start":{"line":77,"column":6},"end":{"line":77,"column":68}},"51":{"start":{"line":78,"column":6},"end":{"line":78,"column":44}},"52":{"start":{"line":80,"column":4},"end":{"line":80,"column":17}}},"fnMap":{"0":{"name":"(anonymous_0)","decl":{"start":{"line":3,"column":15},"end":{"line":3,"column":16}},"loc":{"start":{"line":3,"column":24},"end":{"line":82,"column":1}},"line":3},"1":{"name":"(anonymous_1)","decl":{"start":{"line":4,"column":41},"end":{"line":4,"column":42}},"loc":{"start":{"line":4,"column":67},"end":{"line":12,"column":3}},"line":4},"2":{"name":"(anonymous_2)","decl":{"start":{"line":13,"column":47},"end":{"line":13,"column":48}},"loc":{"start":{"line":13,"column":67},"end":{"line":20,"column":3}},"line":13},"3":{"name":"(anonymous_3)","decl":{"start":{"line":21,"column":53},"end":{"line":21,"column":54}},"loc":{"start":{"line":21,"column":79},"end":{"line":30,"column":3}},"line":21},"4":{"name":"(anonymous_4)","decl":{"start":{"line":31,"column":22},"end":{"line":31,"column":23}},"loc":{"start":{"line":31,"column":48},"end":{"line":46,"column":3}},"line":31},"5":{"name":"(anonymous_5)","decl":{"start":{"line":47,"column":27},"end":{"line":47,"column":28}},"loc":{"start":{"line":47,"column":53},"end":{"line":64,"column":3}},"line":47},"6":{"name":"(anonymous_6)","decl":{"start":{"line":65,"column":53},"end":{"line":65,"column":54}},"loc":{"start":{"line":65,"column":79},"end":{"line":81,"column":3}},"line":65}},"branchMap":{"0":{"loc":{"start":{"line":5,"column":4},"end":{"line":7,"column":5}},"type":"if","locations":[{"start":{"line":5,"column":4},"end":{"line":7,"column":5}},{"start":{},"end":{}}],"line":5},"1":{"loc":{"start":{"line":14,"column":4},"end":{"line":16,"column":5}},"type":"if","locations":[{"start":{"line":14,"column":4},"end":{"line":16,"column":5}},{"start":{},"end":{}}],"line":14},"2":{"loc":{"start":{"line":22,"column":4},"end":{"line":24,"column":5}},"type":"if","locations":[{"start":{"line":22,"column":4},"end":{"line":24,"column":5}},{"start":{},"end":{}}],"line":22},"3":{"loc":{"start":{"line":32,"column":4},"end":{"line":34,"column":5}},"type":"if","locations":[{"start":{"line":32,"column":4},"end":{"line":34,"column":5}},{"start":{},"end":{}}],"line":32},"4":{"loc":{"start":{"line":48,"column":4},"end":{"line":50,"column":5}},"type":"if","locations":[{"start":{"line":48,"column":4},"end":{"line":50,"column":5}},{"start":{},"end":{}}],"line":48},"5":{"loc":{"start":{"line":66,"column":4},"end":{"line":68,"column":5}},"type":"if","locations":[{"start":{"line":66,"column":4},"end":{"line":68,"column":5}},{"start":{},"end":{}}],"line":66}},"s":{"0":6,"1":2,"2":1,"3":1,"4":1,"5":1,"6":6,"7":1,"8":1,"9":0,"10":0,"11":6,"12":1,"13":1,"14":0,"15":0,"16":0,"17":0,"18":6,"19":1,"20":0,"21":1,"22":1,"23":1,"24":1,"25":1,"26":0,"27":0,"28":1,"29":6,"30":2,"31":1,"32":1,"33":1,"34":1,"35":1,"36":1,"37":1,"38":1,"39":0,"40":0,"41":1,"42":6,"43":2,"44":1,"45":1,"46":1,"47":1,"48":1,"49":1,"50":0,"51":0,"52":1},"f":{"0":6,"1":2,"2":1,"3":1,"4":1,"5":2,"6":2},"b":{"0":[1,1],"1":[1,0],"2":[1,0],"3":[0,1],"4":[1,1],"5":[1,1]},"_coverageSchema":"1a1c01bbd47fc00a2c39e90264f33305004495a9","hash":"c44219cf3bd8b763c1efe0a66835c961746a0b59"}
,"/home/vlad/workspace/projects/fullstack-javascript-project-6/src/routes/session.js": {"path":"/home/vlad/workspace/projects/fullstack-javascript-project-6/src/routes/session.js","statementMap":{"0":{"start":{"line":4,"column":2},"end":{"line":7,"column":5}},"1":{"start":{"line":5,"column":19},"end":{"line":5,"column":21}},"2":{"start":{"line":6,"column":4},"end":{"line":6,"column":44}},"3":{"start":{"line":8,"column":2},"end":{"line":22,"column":4}},"4":{"start":{"line":12,"column":6},"end":{"line":17,"column":7}},"5":{"start":{"line":13,"column":23},"end":{"line":15,"column":9}},"6":{"start":{"line":16,"column":8},"end":{"line":16,"column":82}},"7":{"start":{"line":18,"column":6},"end":{"line":18,"column":32}},"8":{"start":{"line":19,"column":6},"end":{"line":19,"column":67}},"9":{"start":{"line":20,"column":6},"end":{"line":20,"column":50}},"10":{"start":{"line":23,"column":2},"end":{"line":27,"column":5}},"11":{"start":{"line":24,"column":4},"end":{"line":24,"column":64}},"12":{"start":{"line":25,"column":4},"end":{"line":25,"column":21}},"13":{"start":{"line":26,"column":4},"end":{"line":26,"column":41}}},"fnMap":{"0":{"name":"(anonymous_0)","decl":{"start":{"line":3,"column":15},"end":{"line":3,"column":16}},"loc":{"start":{"line":3,"column":24},"end":{"line":28,"column":1}},"line":3},"1":{"name":"(anonymous_1)","decl":{"start":{"line":4,"column":50},"end":{"line":4,"column":51}},"loc":{"start":{"line":4,"column":70},"end":{"line":7,"column":3}},"line":4},"2":{"name":"(anonymous_2)","decl":{"start":{"line":11,"column":33},"end":{"line":11,"column":34}},"loc":{"start":{"line":11,"column":72},"end":{"line":21,"column":5}},"line":11},"3":{"name":"(anonymous_3)","decl":{"start":{"line":23,"column":25},"end":{"line":23,"column":26}},"loc":{"start":{"line":23,"column":45},"end":{"line":27,"column":3}},"line":23}},"branchMap":{"0":{"loc":{"start":{"line":12,"column":6},"end":{"line":17,"column":7}},"type":"if","locations":[{"start":{"line":12,"column":6},"end":{"line":17,"column":7}},{"start":{},"end":{}}],"line":12}},"s":{"0":6,"1":1,"2":1,"3":6,"4":13,"5":1,"6":1,"7":12,"8":12,"9":12,"10":6,"11":1,"12":1,"13":1},"f":{"0":6,"1":1,"2":13,"3":1},"b":{"0":[1,12]},"_coverageSchema":"1a1c01bbd47fc00a2c39e90264f33305004495a9","hash":"2be6472ebf3c0205f8eb415a11852df2912f829a"}
,"/home/vlad/workspace/projects/fullstack-javascript-project-6/src/routes/statuses.js": {"path":"/home/vlad/workspace/projects/fullstack-javascript-project-6/src/routes/statuses.js","statementMap":{"0":{"start":{"line":4,"column":2},"end":{"line":12,"column":5}},"1":{"start":{"line":5,"column":4},"end":{"line":7,"column":5}},"2":{"start":{"line":6,"column":6},"end":{"line":6,"column":19}},"3":{"start":{"line":9,"column":21},"end":{"line":9,"column":66}},"4":{"start":{"line":10,"column":4},"end":{"line":10,"column":49}},"5":{"start":{"line":11,"column":4},"end":{"line":11,"column":17}},"6":{"start":{"line":13,"column":2},"end":{"line":20,"column":5}},"7":{"start":{"line":14,"column":4},"end":{"line":16,"column":5}},"8":{"start":{"line":15,"column":6},"end":{"line":15,"column":19}},"9":{"start":{"line":18,"column":4},"end":{"line":18,"column":33}},"10":{"start":{"line":19,"column":4},"end":{"line":19,"column":17}},"11":{"start":{"line":21,"column":2},"end":{"line":30,"column":5}},"12":{"start":{"line":22,"column":4},"end":{"line":24,"column":5}},"13":{"start":{"line":23,"column":6},"end":{"line":23,"column":19}},"14":{"start":{"line":26,"column":19},"end":{"line":26,"column":33}},"15":{"start":{"line":27,"column":19},"end":{"line":27,"column":77}},"16":{"start":{"line":28,"column":4},"end":{"line":28,"column":46}},"17":{"start":{"line":29,"column":4},"end":{"line":29,"column":17}},"18":{"start":{"line":31,"column":2},"end":{"line":46,"column":5}},"19":{"start":{"line":32,"column":4},"end":{"line":34,"column":5}},"20":{"start":{"line":33,"column":6},"end":{"line":33,"column":19}},"21":{"start":{"line":36,"column":4},"end":{"line":44,"column":5}},"22":{"start":{"line":37,"column":26},"end":{"line":37,"column":91}},"23":{"start":{"line":38,"column":6},"end":{"line":38,"column":72}},"24":{"start":{"line":39,"column":6},"end":{"line":39,"column":68}},"25":{"start":{"line":40,"column":6},"end":{"line":40,"column":46}},"26":{"start":{"line":42,"column":6},"end":{"line":42,"column":70}},"27":{"start":{"line":43,"column":6},"end":{"line":43,"column":61}},"28":{"start":{"line":45,"column":4},"end":{"line":45,"column":17}},"29":{"start":{"line":47,"column":2},"end":{"line":64,"column":5}},"30":{"start":{"line":48,"column":4},"end":{"line":50,"column":5}},"31":{"start":{"line":49,"column":6},"end":{"line":49,"column":19}},"32":{"start":{"line":52,"column":19},"end":{"line":52,"column":33}},"33":{"start":{"line":53,"column":4},"end":{"line":62,"column":5}},"34":{"start":{"line":54,"column":21},"end":{"line":54,"column":58}},"35":{"start":{"line":55,"column":6},"end":{"line":55,"column":48}},"36":{"start":{"line":56,"column":6},"end":{"line":56,"column":66}},"37":{"start":{"line":57,"column":6},"end":{"line":57,"column":65}},"38":{"start":{"line":58,"column":6},"end":{"line":58,"column":34}},"39":{"start":{"line":60,"column":6},"end":{"line":60,"column":68}},"40":{"start":{"line":61,"column":6},"end":{"line":61,"column":99}},"41":{"start":{"line":63,"column":4},"end":{"line":63,"column":17}},"42":{"start":{"line":65,"column":2},"end":{"line":79,"column":5}},"43":{"start":{"line":66,"column":4},"end":{"line":68,"column":5}},"44":{"start":{"line":67,"column":6},"end":{"line":67,"column":19}},"45":{"start":{"line":70,"column":4},"end":{"line":76,"column":5}},"46":{"start":{"line":71,"column":21},"end":{"line":71,"column":35}},"47":{"start":{"line":72,"column":6},"end":{"line":72,"column":67}},"48":{"start":{"line":73,"column":6},"end":{"line":73,"column":67}},"49":{"start":{"line":75,"column":6},"end":{"line":75,"column":70}},"50":{"start":{"line":77,"column":4},"end":{"line":77,"column":44}},"51":{"start":{"line":78,"column":4},"end":{"line":78,"column":17}}},"fnMap":{"0":{"name":"(anonymous_0)","decl":{"start":{"line":3,"column":15},"end":{"line":3,"column":16}},"loc":{"start":{"line":3,"column":24},"end":{"line":80,"column":1}},"line":3},"1":{"name":"(anonymous_1)","decl":{"start":{"line":4,"column":45},"end":{"line":4,"column":46}},"loc":{"start":{"line":4,"column":71},"end":{"line":12,"column":3}},"line":4},"2":{"name":"(anonymous_2)","decl":{"start":{"line":13,"column":50},"end":{"line":13,"column":51}},"loc":{"start":{"line":13,"column":70},"end":{"line":20,"column":3}},"line":13},"3":{"name":"(anonymous_3)","decl":{"start":{"line":21,"column":56},"end":{"line":21,"column":57}},"loc":{"start":{"line":21,"column":82},"end":{"line":30,"column":3}},"line":21},"4":{"name":"(anonymous_4)","decl":{"start":{"line":31,"column":24},"end":{"line":31,"column":25}},"loc":{"start":{"line":31,"column":50},"end":{"line":46,"column":3}},"line":31},"5":{"name":"(anonymous_5)","decl":{"start":{"line":47,"column":29},"end":{"line":47,"column":30}},"loc":{"start":{"line":47,"column":55},"end":{"line":64,"column":3}},"line":47},"6":{"name":"(anonymous_6)","decl":{"start":{"line":65,"column":56},"end":{"line":65,"column":57}},"loc":{"start":{"line":65,"column":82},"end":{"line":79,"column":3}},"line":65}},"branchMap":{"0":{"loc":{"start":{"line":5,"column":4},"end":{"line":7,"column":5}},"type":"if","locations":[{"start":{"line":5,"column":4},"end":{"line":7,"column":5}},{"start":{},"end":{}}],"line":5},"1":{"loc":{"start":{"line":14,"column":4},"end":{"line":16,"column":5}},"type":"if","locations":[{"start":{"line":14,"column":4},"end":{"line":16,"column":5}},{"start":{},"end":{}}],"line":14},"2":{"loc":{"start":{"line":22,"column":4},"end":{"line":24,"column":5}},"type":"if","locations":[{"start":{"line":22,"column":4},"end":{"line":24,"column":5}},{"start":{},"end":{}}],"line":22},"3":{"loc":{"start":{"line":32,"column":4},"end":{"line":34,"column":5}},"type":"if","locations":[{"start":{"line":32,"column":4},"end":{"line":34,"column":5}},{"start":{},"end":{}}],"line":32},"4":{"loc":{"start":{"line":48,"column":4},"end":{"line":50,"column":5}},"type":"if","locations":[{"start":{"line":48,"column":4},"end":{"line":50,"column":5}},{"start":{},"end":{}}],"line":48},"5":{"loc":{"start":{"line":66,"column":4},"end":{"line":68,"column":5}},"type":"if","locations":[{"start":{"line":66,"column":4},"end":{"line":68,"column":5}},{"start":{},"end":{}}],"line":66}},"s":{"0":6,"1":2,"2":1,"3":1,"4":1,"5":1,"6":6,"7":1,"8":1,"9":0,"10":0,"11":6,"12":1,"13":1,"14":0,"15":0,"16":0,"17":0,"18":6,"19":2,"20":0,"21":2,"22":2,"23":2,"24":2,"25":2,"26":0,"27":0,"28":2,"29":6,"30":2,"31":1,"32":1,"33":1,"34":1,"35":1,"36":1,"37":1,"38":1,"39":0,"40":0,"41":1,"42":6,"43":2,"44":1,"45":1,"46":1,"47":1,"48":1,"49":0,"50":1,"51":1},"f":{"0":6,"1":2,"2":1,"3":1,"4":2,"5":2,"6":2},"b":{"0":[1,1],"1":[1,0],"2":[1,0],"3":[0,2],"4":[1,1],"5":[1,1]},"_coverageSchema":"1a1c01bbd47fc00a2c39e90264f33305004495a9","hash":"9e094b1317df11e0fb47ad170a94c2c49e7ee7ed"}
,"/home/vlad/workspace/projects/fullstack-javascript-project-6/src/routes/tasks.js": {"path":"/home/vlad/workspace/projects/fullstack-javascript-project-6/src/routes/tasks.js","statementMap":{"0":{"start":{"line":4,"column":2},"end":{"line":34,"column":5}},"1":{"start":{"line":5,"column":4},"end":{"line":7,"column":5}},"2":{"start":{"line":6,"column":6},"end":{"line":6,"column":19}},"3":{"start":{"line":9,"column":19},"end":{"line":9,"column":52}},"4":{"start":{"line":10,"column":21},"end":{"line":10,"column":56}},"5":{"start":{"line":11,"column":18},"end":{"line":11,"column":50}},"6":{"start":{"line":12,"column":20},"end":{"line":12,"column":86}},"7":{"start":{"line":13,"column":18},"end":{"line":21,"column":8}},"8":{"start":{"line":17,"column":8},"end":{"line":17,"column":58}},"9":{"start":{"line":18,"column":8},"end":{"line":18,"column":57}},"10":{"start":{"line":19,"column":8},"end":{"line":19,"column":52}},"11":{"start":{"line":20,"column":8},"end":{"line":20,"column":55}},"12":{"start":{"line":22,"column":21},"end":{"line":22,"column":66}},"13":{"start":{"line":23,"column":19},"end":{"line":23,"column":59}},"14":{"start":{"line":24,"column":18},"end":{"line":24,"column":57}},"15":{"start":{"line":25,"column":4},"end":{"line":32,"column":7}},"16":{"start":{"line":33,"column":4},"end":{"line":33,"column":17}},"17":{"start":{"line":35,"column":2},"end":{"line":45,"column":5}},"18":{"start":{"line":36,"column":4},"end":{"line":38,"column":5}},"19":{"start":{"line":37,"column":6},"end":{"line":37,"column":19}},"20":{"start":{"line":40,"column":18},"end":{"line":40,"column":57}},"21":{"start":{"line":41,"column":21},"end":{"line":41,"column":66}},"22":{"start":{"line":42,"column":19},"end":{"line":42,"column":59}},"23":{"start":{"line":43,"column":4},"end":{"line":43,"column":59}},"24":{"start":{"line":44,"column":4},"end":{"line":44,"column":17}},"25":{"start":{"line":46,"column":2},"end":{"line":64,"column":5}},"26":{"start":{"line":47,"column":4},"end":{"line":49,"column":5}},"27":{"start":{"line":48,"column":6},"end":{"line":48,"column":19}},"28":{"start":{"line":51,"column":19},"end":{"line":51,"column":33}},"29":{"start":{"line":52,"column":17},"end":{"line":52,"column":128}},"30":{"start":{"line":53,"column":27},"end":{"line":53,"column":71}},"31":{"start":{"line":53,"column":54},"end":{"line":53,"column":70}},"32":{"start":{"line":54,"column":21},"end":{"line":54,"column":66}},"33":{"start":{"line":55,"column":18},"end":{"line":55,"column":57}},"34":{"start":{"line":56,"column":19},"end":{"line":56,"column":59}},"35":{"start":{"line":57,"column":4},"end":{"line":62,"column":7}},"36":{"start":{"line":63,"column":4},"end":{"line":63,"column":17}},"37":{"start":{"line":65,"column":2},"end":{"line":74,"column":5}},"38":{"start":{"line":66,"column":4},"end":{"line":68,"column":5}},"39":{"start":{"line":67,"column":6},"end":{"line":67,"column":19}},"40":{"start":{"line":70,"column":19},"end":{"line":70,"column":33}},"41":{"start":{"line":71,"column":17},"end":{"line":71,"column":128}},"42":{"start":{"line":72,"column":4},"end":{"line":72,"column":41}},"43":{"start":{"line":73,"column":4},"end":{"line":73,"column":17}},"44":{"start":{"line":75,"column":2},"end":{"line":112,"column":5}},"45":{"start":{"line":76,"column":4},"end":{"line":78,"column":5}},"46":{"start":{"line":77,"column":6},"end":{"line":77,"column":19}},"47":{"start":{"line":80,"column":4},"end":{"line":110,"column":5}},"48":{"start":{"line":81,"column":6},"end":{"line":94,"column":9}},"49":{"start":{"line":82,"column":26},"end":{"line":82,"column":49}},"50":{"start":{"line":83,"column":27},"end":{"line":83,"column":68}},"51":{"start":{"line":84,"column":26},"end":{"line":85,"column":90}},"52":{"start":{"line":86,"column":8},"end":{"line":87,"column":29}},"53":{"start":{"line":89,"column":8},"end":{"line":93,"column":9}},"54":{"start":{"line":90,"column":25},"end":{"line":90,"column":54}},"55":{"start":{"line":91,"column":26},"end":{"line":91,"column":101}},"56":{"start":{"line":91,"column":48},"end":{"line":91,"column":100}},"57":{"start":{"line":92,"column":10},"end":{"line":92,"column":37}},"58":{"start":{"line":96,"column":6},"end":{"line":96,"column":65}},"59":{"start":{"line":97,"column":6},"end":{"line":97,"column":31}},"60":{"start":{"line":99,"column":6},"end":{"line":99,"column":67}},"61":{"start":{"line":100,"column":20},"end":{"line":100,"column":59}},"62":{"start":{"line":101,"column":23},"end":{"line":101,"column":68}},"63":{"start":{"line":102,"column":21},"end":{"line":102,"column":61}},"64":{"start":{"line":103,"column":6},"end":{"line":109,"column":9}},"65":{"start":{"line":111,"column":4},"end":{"line":111,"column":17}},"66":{"start":{"line":113,"column":2},"end":{"line":149,"column":5}},"67":{"start":{"line":114,"column":4},"end":{"line":116,"column":5}},"68":{"start":{"line":115,"column":6},"end":{"line":115,"column":19}},"69":{"start":{"line":118,"column":19},"end":{"line":118,"column":33}},"70":{"start":{"line":119,"column":4},"end":{"line":147,"column":5}},"71":{"start":{"line":120,"column":6},"end":{"line":132,"column":9}},"72":{"start":{"line":121,"column":21},"end":{"line":121,"column":52}},"73":{"start":{"line":122,"column":8},"end":{"line":122,"column":48}},"74":{"start":{"line":123,"column":27},"end":{"line":123,"column":68}},"75":{"start":{"line":124,"column":8},"end":{"line":124,"column":88}},"76":{"start":{"line":126,"column":8},"end":{"line":131,"column":9}},"77":{"start":{"line":127,"column":10},"end":{"line":127,"column":61}},"78":{"start":{"line":128,"column":25},"end":{"line":128,"column":54}},"79":{"start":{"line":129,"column":26},"end":{"line":129,"column":96}},"80":{"start":{"line":129,"column":48},"end":{"line":129,"column":95}},"81":{"start":{"line":130,"column":10},"end":{"line":130,"column":37}},"82":{"start":{"line":133,"column":6},"end":{"line":133,"column":62}},"83":{"start":{"line":134,"column":6},"end":{"line":134,"column":43}},"84":{"start":{"line":136,"column":6},"end":{"line":136,"column":65}},"85":{"start":{"line":137,"column":23},"end":{"line":137,"column":68}},"86":{"start":{"line":138,"column":20},"end":{"line":138,"column":59}},"87":{"start":{"line":139,"column":21},"end":{"line":139,"column":61}},"88":{"start":{"line":140,"column":6},"end":{"line":146,"column":9}},"89":{"start":{"line":148,"column":4},"end":{"line":148,"column":17}},"90":{"start":{"line":150,"column":2},"end":{"line":168,"column":5}},"91":{"start":{"line":151,"column":4},"end":{"line":153,"column":5}},"92":{"start":{"line":152,"column":6},"end":{"line":152,"column":19}},"93":{"start":{"line":155,"column":19},"end":{"line":155,"column":33}},"94":{"start":{"line":156,"column":17},"end":{"line":156,"column":69}},"95":{"start":{"line":157,"column":4},"end":{"line":161,"column":5}},"96":{"start":{"line":158,"column":6},"end":{"line":158,"column":74}},"97":{"start":{"line":159,"column":6},"end":{"line":159,"column":43}},"98":{"start":{"line":160,"column":6},"end":{"line":160,"column":19}},"99":{"start":{"line":163,"column":4},"end":{"line":163,"column":50}},"100":{"start":{"line":164,"column":4},"end":{"line":164,"column":59}},"101":{"start":{"line":165,"column":4},"end":{"line":165,"column":62}},"102":{"start":{"line":166,"column":4},"end":{"line":166,"column":41}},"103":{"start":{"line":167,"column":4},"end":{"line":167,"column":17}}},"fnMap":{"0":{"name":"(anonymous_0)","decl":{"start":{"line":3,"column":15},"end":{"line":3,"column":16}},"loc":{"start":{"line":3,"column":24},"end":{"line":169,"column":1}},"line":3},"1":{"name":"(anonymous_1)","decl":{"start":{"line":4,"column":39},"end":{"line":4,"column":40}},"loc":{"start":{"line":4,"column":65},"end":{"line":34,"column":3}},"line":4},"2":{"name":"(anonymous_2)","decl":{"start":{"line":16,"column":14},"end":{"line":16,"column":15}},"loc":{"start":{"line":16,"column":32},"end":{"line":21,"column":7}},"line":16},"3":{"name":"(anonymous_3)","decl":{"start":{"line":35,"column":45},"end":{"line":35,"column":46}},"loc":{"start":{"line":35,"column":71},"end":{"line":45,"column":3}},"line":35},"4":{"name":"(anonymous_4)","decl":{"start":{"line":46,"column":51},"end":{"line":46,"column":52}},"loc":{"start":{"line":46,"column":77},"end":{"line":64,"column":3}},"line":46},"5":{"name":"(anonymous_5)","decl":{"start":{"line":53,"column":43},"end":{"line":53,"column":44}},"loc":{"start":{"line":53,"column":54},"end":{"line":53,"column":70}},"line":53},"6":{"name":"(anonymous_6)","decl":{"start":{"line":65,"column":24},"end":{"line":65,"column":25}},"loc":{"start":{"line":65,"column":50},"end":{"line":74,"column":3}},"line":65},"7":{"name":"(anonymous_7)","decl":{"start":{"line":75,"column":21},"end":{"line":75,"column":22}},"loc":{"start":{"line":75,"column":47},"end":{"line":112,"column":3}},"line":75},"8":{"name":"(anonymous_8)","decl":{"start":{"line":81,"column":50},"end":{"line":81,"column":51}},"loc":{"start":{"line":81,"column":65},"end":{"line":94,"column":7}},"line":81},"9":{"name":"(anonymous_9)","decl":{"start":{"line":91,"column":37},"end":{"line":91,"column":38}},"loc":{"start":{"line":91,"column":48},"end":{"line":91,"column":100}},"line":91},"10":{"name":"(anonymous_10)","decl":{"start":{"line":113,"column":44},"end":{"line":113,"column":45}},"loc":{"start":{"line":113,"column":70},"end":{"line":149,"column":3}},"line":113},"11":{"name":"(anonymous_11)","decl":{"start":{"line":120,"column":50},"end":{"line":120,"column":51}},"loc":{"start":{"line":120,"column":65},"end":{"line":132,"column":7}},"line":120},"12":{"name":"(anonymous_12)","decl":{"start":{"line":129,"column":37},"end":{"line":129,"column":38}},"loc":{"start":{"line":129,"column":48},"end":{"line":129,"column":95}},"line":129},"13":{"name":"(anonymous_13)","decl":{"start":{"line":150,"column":51},"end":{"line":150,"column":52}},"loc":{"start":{"line":150,"column":77},"end":{"line":168,"column":3}},"line":150}},"branchMap":{"0":{"loc":{"start":{"line":5,"column":4},"end":{"line":7,"column":5}},"type":"if","locations":[{"start":{"line":5,"column":4},"end":{"line":7,"column":5}},{"start":{},"end":{}}],"line":5},"1":{"loc":{"start":{"line":9,"column":19},"end":{"line":9,"column":52}},"type":"binary-expr","locations":[{"start":{"line":9,"column":19},"end":{"line":9,"column":39}},{"start":{"line":9,"column":43},"end":{"line":9,"column":52}}],"line":9},"2":{"loc":{"start":{"line":10,"column":21},"end":{"line":10,"column":56}},"type":"binary-expr","locations":[{"start":{"line":10,"column":21},"end":{"line":10,"column":43}},{"start":{"line":10,"column":47},"end":{"line":10,"column":56}}],"line":10},"3":{"loc":{"start":{"line":11,"column":18},"end":{"line":11,"column":50}},"type":"binary-expr","locations":[{"start":{"line":11,"column":18},"end":{"line":11,"column":37}},{"start":{"line":11,"column":41},"end":{"line":11,"column":50}}],"line":11},"4":{"loc":{"start":{"line":12,"column":20},"end":{"line":12,"column":86}},"type":"cond-expr","locations":[{"start":{"line":12,"column":59},"end":{"line":12,"column":74}},{"start":{"line":12,"column":77},"end":{"line":12,"column":86}}],"line":12},"5":{"loc":{"start":{"line":36,"column":4},"end":{"line":38,"column":5}},"type":"if","locations":[{"start":{"line":36,"column":4},"end":{"line":38,"column":5}},{"start":{},"end":{}}],"line":36},"6":{"loc":{"start":{"line":47,"column":4},"end":{"line":49,"column":5}},"type":"if","locations":[{"start":{"line":47,"column":4},"end":{"line":49,"column":5}},{"start":{},"end":{}}],"line":47},"7":{"loc":{"start":{"line":66,"column":4},"end":{"line":68,"column":5}},"type":"if","locations":[{"start":{"line":66,"column":4},"end":{"line":68,"column":5}},{"start":{},"end":{}}],"line":66},"8":{"loc":{"start":{"line":76,"column":4},"end":{"line":78,"column":5}},"type":"if","locations":[{"start":{"line":76,"column":4},"end":{"line":78,"column":5}},{"start":{},"end":{}}],"line":76},"9":{"loc":{"start":{"line":83,"column":27},"end":{"line":83,"column":68}},"type":"binary-expr","locations":[{"start":{"line":83,"column":27},"end":{"line":83,"column":55}},{"start":{"line":83,"column":59},"end":{"line":83,"column":68}}],"line":83},"10":{"loc":{"start":{"line":89,"column":8},"end":{"line":93,"column":9}},"type":"if","locations":[{"start":{"line":89,"column":8},"end":{"line":93,"column":9}},{"start":{},"end":{}}],"line":89},"11":{"loc":{"start":{"line":114,"column":4},"end":{"line":116,"column":5}},"type":"if","locations":[{"start":{"line":114,"column":4},"end":{"line":116,"column":5}},{"start":{},"end":{}}],"line":114},"12":{"loc":{"start":{"line":123,"column":27},"end":{"line":123,"column":68}},"type":"binary-expr","locations":[{"start":{"line":123,"column":27},"end":{"line":123,"column":55}},{"start":{"line":123,"column":59},"end":{"line":123,"column":68}}],"line":123},"13":{"loc":{"start":{"line":126,"column":8},"end":{"line":131,"column":9}},"type":"if","locations":[{"start":{"line":126,"column":8},"end":{"line":131,"column":9}},{"start":{},"end":{}}],"line":126},"14":{"loc":{"start":{"line":151,"column":4},"end":{"line":153,"column":5}},"type":"if","locations":[{"start":{"line":151,"column":4},"end":{"line":153,"column":5}},{"start":{},"end":{}}],"line":151},"15":{"loc":{"start":{"line":157,"column":4},"end":{"line":161,"column":5}},"type":"if","locations":[{"start":{"line":157,"column":4},"end":{"line":161,"column":5}},{"start":{},"end":{}}],"line":157}},"s":{"0":6,"1":2,"2":1,"3":1,"4":1,"5":1,"6":1,"7":1,"8":1,"9":1,"10":1,"11":1,"12":1,"13":1,"14":1,"15":1,"16":1,"17":6,"18":1,"19":1,"20":0,"21":0,"22":0,"23":0,"24":0,"25":6,"26":2,"27":1,"28":1,"29":1,"30":1,"31":0,"32":1,"33":1,"34":1,"35":1,"36":1,"37":6,"38":2,"39":1,"40":1,"41":1,"42":1,"43":1,"44":6,"45":5,"46":0,"47":5,"48":5,"49":5,"50":5,"51":5,"52":5,"53":5,"54":0,"55":0,"56":0,"57":0,"58":5,"59":5,"60":0,"61":0,"62":0,"63":0,"64":0,"65":5,"66":6,"67":1,"68":0,"69":1,"70":1,"71":1,"72":1,"73":1,"74":1,"75":1,"76":1,"77":0,"78":0,"79":0,"80":0,"81":0,"82":1,"83":1,"84":0,"85":0,"86":0,"87":0,"88":0,"89":1,"90":6,"91":1,"92":0,"93":1,"94":1,"95":1,"96":0,"97":0,"98":0,"99":1,"100":1,"101":1,"102":1,"103":1},"f":{"0":6,"1":2,"2":1,"3":1,"4":2,"5":0,"6":2,"7":5,"8":5,"9":0,"10":1,"11":1,"12":0,"13":1},"b":{"0":[1,1],"1":[1,1],"2":[1,1],"3":[1,1],"4":[0,1],"5":[1,0],"6":[1,1],"7":[1,1],"8":[0,5],"9":[5,5],"10":[0,5],"11":[0,1],"12":[1,1],"13":[0,1],"14":[0,1],"15":[0,1]},"_coverageSchema":"1a1c01bbd47fc00a2c39e90264f33305004495a9","hash":"7d4c8bc9606ee547ca9d1a8449a4fb8fd39f258b"}
,"/home/vlad/workspace/projects/fullstack-javascript-project-6/src/routes/users.js": {"path":"/home/vlad/workspace/projects/fullstack-javascript-project-6/src/routes/users.js","statementMap":{"0":{"start":{"line":4,"column":2},"end":{"line":8,"column":5}},"1":{"start":{"line":5,"column":18},"end":{"line":5,"column":57}},"2":{"start":{"line":6,"column":4},"end":{"line":6,"column":43}},"3":{"start":{"line":7,"column":4},"end":{"line":7,"column":17}},"4":{"start":{"line":9,"column":2},"end":{"line":11,"column":5}},"5":{"start":{"line":10,"column":4},"end":{"line":10,"column":30}},"6":{"start":{"line":12,"column":2},"end":{"line":27,"column":5}},"7":{"start":{"line":13,"column":4},"end":{"line":15,"column":5}},"8":{"start":{"line":14,"column":6},"end":{"line":14,"column":19}},"9":{"start":{"line":17,"column":19},"end":{"line":17,"column":33}},"10":{"start":{"line":18,"column":4},"end":{"line":22,"column":5}},"11":{"start":{"line":19,"column":6},"end":{"line":19,"column":74}},"12":{"start":{"line":20,"column":6},"end":{"line":20,"column":43}},"13":{"start":{"line":21,"column":6},"end":{"line":21,"column":19}},"14":{"start":{"line":24,"column":17},"end":{"line":24,"column":69}},"15":{"start":{"line":25,"column":4},"end":{"line":25,"column":41}},"16":{"start":{"line":26,"column":4},"end":{"line":26,"column":17}},"17":{"start":{"line":28,"column":2},"end":{"line":39,"column":5}},"18":{"start":{"line":29,"column":4},"end":{"line":37,"column":5}},"19":{"start":{"line":30,"column":24},"end":{"line":30,"column":83}},"20":{"start":{"line":31,"column":6},"end":{"line":31,"column":64}},"21":{"start":{"line":32,"column":6},"end":{"line":32,"column":65}},"22":{"start":{"line":33,"column":6},"end":{"line":33,"column":43}},"23":{"start":{"line":35,"column":6},"end":{"line":35,"column":61}},"24":{"start":{"line":36,"column":6},"end":{"line":36,"column":83}},"25":{"start":{"line":38,"column":4},"end":{"line":38,"column":17}},"26":{"start":{"line":40,"column":2},"end":{"line":57,"column":5}},"27":{"start":{"line":41,"column":4},"end":{"line":43,"column":5}},"28":{"start":{"line":42,"column":6},"end":{"line":42,"column":19}},"29":{"start":{"line":45,"column":4},"end":{"line":55,"column":5}},"30":{"start":{"line":46,"column":21},"end":{"line":46,"column":35}},"31":{"start":{"line":47,"column":19},"end":{"line":47,"column":50}},"32":{"start":{"line":48,"column":6},"end":{"line":48,"column":30}},"33":{"start":{"line":49,"column":6},"end":{"line":49,"column":64}},"34":{"start":{"line":50,"column":6},"end":{"line":50,"column":62}},"35":{"start":{"line":51,"column":6},"end":{"line":51,"column":43}},"36":{"start":{"line":53,"column":6},"end":{"line":53,"column":65}},"37":{"start":{"line":54,"column":6},"end":{"line":54,"column":83}},"38":{"start":{"line":56,"column":4},"end":{"line":56,"column":17}},"39":{"start":{"line":58,"column":2},"end":{"line":79,"column":5}},"40":{"start":{"line":59,"column":4},"end":{"line":61,"column":5}},"41":{"start":{"line":60,"column":6},"end":{"line":60,"column":19}},"42":{"start":{"line":63,"column":19},"end":{"line":63,"column":33}},"43":{"start":{"line":64,"column":4},"end":{"line":68,"column":5}},"44":{"start":{"line":65,"column":6},"end":{"line":65,"column":74}},"45":{"start":{"line":66,"column":6},"end":{"line":66,"column":43}},"46":{"start":{"line":67,"column":6},"end":{"line":67,"column":19}},"47":{"start":{"line":70,"column":4},"end":{"line":76,"column":5}},"48":{"start":{"line":71,"column":6},"end":{"line":71,"column":61}},"49":{"start":{"line":72,"column":6},"end":{"line":72,"column":29}},"50":{"start":{"line":73,"column":6},"end":{"line":73,"column":64}},"51":{"start":{"line":75,"column":6},"end":{"line":75,"column":67}},"52":{"start":{"line":77,"column":4},"end":{"line":77,"column":41}},"53":{"start":{"line":78,"column":4},"end":{"line":78,"column":17}}},"fnMap":{"0":{"name":"(anonymous_0)","decl":{"start":{"line":3,"column":15},"end":{"line":3,"column":16}},"loc":{"start":{"line":3,"column":24},"end":{"line":80,"column":1}},"line":3},"1":{"name":"(anonymous_1)","decl":{"start":{"line":4,"column":39},"end":{"line":4,"column":40}},"loc":{"start":{"line":4,"column":65},"end":{"line":8,"column":3}},"line":4},"2":{"name":"(anonymous_2)","decl":{"start":{"line":9,"column":45},"end":{"line":9,"column":46}},"loc":{"start":{"line":9,"column":65},"end":{"line":11,"column":3}},"line":9},"3":{"name":"(anonymous_3)","decl":{"start":{"line":12,"column":51},"end":{"line":12,"column":52}},"loc":{"start":{"line":12,"column":77},"end":{"line":27,"column":3}},"line":12},"4":{"name":"(anonymous_4)","decl":{"start":{"line":28,"column":21},"end":{"line":28,"column":22}},"loc":{"start":{"line":28,"column":47},"end":{"line":39,"column":3}},"line":28},"5":{"name":"(anonymous_5)","decl":{"start":{"line":40,"column":26},"end":{"line":40,"column":27}},"loc":{"start":{"line":40,"column":52},"end":{"line":57,"column":3}},"line":40},"6":{"name":"(anonymous_6)","decl":{"start":{"line":58,"column":51},"end":{"line":58,"column":52}},"loc":{"start":{"line":58,"column":77},"end":{"line":79,"column":3}},"line":58}},"branchMap":{"0":{"loc":{"start":{"line":13,"column":4},"end":{"line":15,"column":5}},"type":"if","locations":[{"start":{"line":13,"column":4},"end":{"line":15,"column":5}},{"start":{},"end":{}}],"line":13},"1":{"loc":{"start":{"line":18,"column":4},"end":{"line":22,"column":5}},"type":"if","locations":[{"start":{"line":18,"column":4},"end":{"line":22,"column":5}},{"start":{},"end":{}}],"line":18},"2":{"loc":{"start":{"line":41,"column":4},"end":{"line":43,"column":5}},"type":"if","locations":[{"start":{"line":41,"column":4},"end":{"line":43,"column":5}},{"start":{},"end":{}}],"line":41},"3":{"loc":{"start":{"line":59,"column":4},"end":{"line":61,"column":5}},"type":"if","locations":[{"start":{"line":59,"column":4},"end":{"line":61,"column":5}},{"start":{},"end":{}}],"line":59},"4":{"loc":{"start":{"line":64,"column":4},"end":{"line":68,"column":5}},"type":"if","locations":[{"start":{"line":64,"column":4},"end":{"line":68,"column":5}},{"start":{},"end":{}}],"line":64}},"s":{"0":6,"1":1,"2":1,"3":1,"4":6,"5":1,"6":6,"7":1,"8":1,"9":0,"10":0,"11":0,"12":0,"13":0,"14":0,"15":0,"16":0,"17":6,"18":1,"19":1,"20":1,"21":1,"22":1,"23":0,"24":0,"25":1,"26":6,"27":2,"28":1,"29":1,"30":1,"31":1,"32":1,"33":1,"34":1,"35":1,"36":0,"37":0,"38":1,"39":6,"40":2,"41":1,"42":1,"43":1,"44":0,"45":0,"46":0,"47":1,"48":1,"49":1,"50":1,"51":0,"52":1,"53":1},"f":{"0":6,"1":1,"2":1,"3":1,"4":1,"5":2,"6":2},"b":{"0":[1,0],"1":[0,0],"2":[1,1],"3":[1,1],"4":[0,1]},"_coverageSchema":"1a1c01bbd47fc00a2c39e90264f33305004495a9","hash":"8e1c411792a32252cf11fee06bd6b27f5134b9f3"}
}
