TN:
SF:knexfile.js
FN:19,(anonymous_0)
FNF:1
FNH:0
FNDA:0,(anonymous_0)
DA:5,6
DA:6,6
DA:20,0
LF:3
LH:2
BRF:0
BRH:0
end_of_record
TN:
SF:src/server.js
FN:27,(anonymous_0)
FN:36,(anonymous_1)
FN:47,(anonymous_2)
FN:54,(anonymous_3)
FN:55,(anonymous_4)
FN:60,(anonymous_5)
FN:70,(anonymous_6)
FN:77,(anonymous_7)
FN:85,(anonymous_8)
FN:86,(anonymous_9)
FN:88,(anonymous_10)
FN:102,render
FN:107,(anonymous_12)
FN:108,(anonymous_13)
FN:117,(anonymous_14)
FN:124,(anonymous_15)
FN:130,(anonymous_16)
FNF:17
FNH:16
FNDA:6,(anonymous_0)
FNDA:6,(anonymous_1)
FNDA:13,(anonymous_2)
FNDA:12,(anonymous_3)
FNDA:23,(anonymous_4)
FNDA:38,(anonymous_5)
FNDA:6,(anonymous_6)
FNDA:6,(anonymous_7)
FNDA:137,(anonymous_8)
FNDA:78,(anonymous_9)
FNDA:6,(anonymous_10)
FNDA:10,render
FNDA:6,(anonymous_12)
FNDA:58,(anonymous_13)
FNDA:6,(anonymous_14)
FNDA:0,(anonymous_15)
FNDA:6,(anonymous_16)
DA:23,6
DA:25,6
DA:27,6
DA:28,6
DA:36,6
DA:37,6
DA:38,6
DA:39,6
DA:40,6
DA:44,6
DA:45,6
DA:46,6
DA:47,6
DA:48,13
DA:49,13
DA:50,12
DA:52,1
DA:54,12
DA:55,6
DA:56,23
DA:57,23
DA:59,6
DA:60,6
DA:61,38
DA:62,21
DA:64,17
DA:65,17
DA:66,17
DA:70,6
DA:71,6
DA:77,6
DA:78,6
DA:85,137
DA:86,78
DA:89,6
DA:91,0
DA:93,6
DA:95,0
DA:97,0
DA:102,6
DA:103,10
DA:107,6
DA:108,6
DA:110,58
DA:113,58
DA:117,6
DA:118,6
DA:124,6
DA:125,0
DA:131,6
DA:132,6
DA:133,6
DA:134,6
DA:135,6
DA:136,6
DA:137,6
DA:138,6
LF:57
LH:53
BRDA:25,0,0,6
BRDA:25,0,1,0
BRDA:49,1,0,12
BRDA:49,1,1,1
BRDA:49,2,0,13
BRDA:49,2,1,13
BRDA:61,3,0,21
BRDA:61,3,1,17
BRDA:89,4,0,0
BRDA:89,4,1,6
BRDA:89,4,2,0
BRDA:89,4,3,0
BRF:12
BRH:8
end_of_record
TN:
SF:src/locales/ru.js
FNF:0
FNH:0
LF:0
LH:0
BRF:0
BRH:0
end_of_record
TN:
SF:src/migrations/20221024034526_create_users_table.cjs
FN:3,(anonymous_0)
FN:4,(anonymous_1)
FN:14,(anonymous_2)
FNF:3
FNH:2
FNDA:5,(anonymous_0)
FNDA:5,(anonymous_1)
FNDA:0,(anonymous_2)
DA:3,5
DA:4,5
DA:5,5
DA:6,5
DA:7,5
DA:8,5
DA:9,5
DA:10,5
DA:14,5
DA:15,0
LF:10
LH:9
BRF:0
BRH:0
end_of_record
TN:
SF:src/migrations/20221027044945_create_tasks_statuses_table.cjs
FN:2,(anonymous_0)
FN:3,(anonymous_1)
FN:10,(anonymous_2)
FNF:3
FNH:2
FNDA:5,(anonymous_0)
FNDA:5,(anonymous_1)
FNDA:0,(anonymous_2)
DA:2,5
DA:3,5
DA:4,5
DA:5,5
DA:6,5
DA:10,5
DA:11,0
LF:7
LH:6
BRF:0
BRH:0
end_of_record
TN:
SF:src/migrations/20221027044955_create_tasks_table.cjs
FN:2,(anonymous_0)
FN:3,(anonymous_1)
FN:18,(anonymous_2)
FNF:3
FNH:2
FNDA:5,(anonymous_0)
FNDA:5,(anonymous_1)
FNDA:0,(anonymous_2)
DA:2,5
DA:3,5
DA:4,5
DA:5,5
DA:6,5
DA:7,5
DA:8,5
DA:9,5
DA:10,5
DA:12,5
DA:13,5
DA:14,5
DA:18,5
DA:19,0
LF:14
LH:13
BRF:0
BRH:0
end_of_record
TN:
SF:src/migrations/20221031171659_create_labels_table.cjs
FN:2,(anonymous_0)
FN:3,(anonymous_1)
FN:10,(anonymous_2)
FNF:3
FNH:2
FNDA:5,(anonymous_0)
FNDA:5,(anonymous_1)
FNDA:0,(anonymous_2)
DA:2,5
DA:3,5
DA:4,5
DA:5,5
DA:6,5
DA:10,5
DA:11,0
LF:7
LH:6
BRF:0
BRH:0
end_of_record
TN:
SF:src/migrations/20221031171712_create_tasks_labels_table.cjs
FN:2,(anonymous_0)
FN:3,(anonymous_1)
FN:12,(anonymous_2)
FNF:3
FNH:2
FNDA:5,(anonymous_0)
FNDA:5,(anonymous_1)
FNDA:0,(anonymous_2)
DA:2,5
DA:3,5
DA:4,5
DA:5,5
DA:7,5
DA:8,5
DA:12,5
DA:13,0
LF:8
LH:7
BRF:0
BRH:0
end_of_record
TN:
SF:src/models/Label.js
FN:4,(anonymous_0)
FN:8,(anonymous_1)
FNF:2
FNH:2
FNDA:82,(anonymous_0)
FNDA:2,(anonymous_1)
DA:5,82
DA:9,2
LF:2
LH:2
BRF:0
BRH:0
end_of_record
TN:
SF:src/models/Task.js
FN:7,(anonymous_0)
FN:11,(anonymous_1)
FN:23,(anonymous_2)
FNF:3
FNH:3
FNDA:117,(anonymous_0)
FNDA:1,(anonymous_1)
FNDA:1,(anonymous_2)
DA:8,117
DA:12,1
DA:24,1
LF:3
LH:3
BRF:0
BRH:0
end_of_record
TN:
SF:src/models/TaskStatus.js
FN:4,(anonymous_0)
FN:8,(anonymous_1)
FNF:2
FNH:2
FNDA:81,(anonymous_0)
FNDA:2,(anonymous_1)
DA:5,81
DA:9,2
LF:2
LH:2
BRF:0
BRH:0
end_of_record
TN:
SF:src/models/User.js
FN:10,(anonymous_0)
FN:14,(anonymous_1)
FN:27,(anonymous_2)
FN:31,(anonymous_3)
FNF:4
FNH:4
FNDA:260,(anonymous_0)
FNDA:5,(anonymous_1)
FNDA:2,(anonymous_2)
FNDA:13,(anonymous_3)
DA:5,6
DA:11,260
DA:15,5
DA:28,2
DA:32,13
LF:5
LH:5
BRF:0
BRH:0
end_of_record
TN:
SF:src/models/index.js
FNF:0
FNH:0
LF:0
LH:0
BRF:0
BRH:0
end_of_record
TN:
SF:src/routes/add-routes.js
FN:10,(anonymous_0)
FN:10,(anonymous_1)
FNF:2
FNH:2
FNDA:6,(anonymous_0)
FNDA:36,(anonymous_1)
DA:8,6
DA:10,36
LF:2
LH:2
BRF:0
BRH:0
end_of_record
TN:
SF:src/routes/index.js
FN:1,(anonymous_0)
FN:2,(anonymous_1)
FN:3,(anonymous_2)
FNF:3
FNH:2
FNDA:6,(anonymous_0)
FNDA:1,(anonymous_1)
FNDA:0,(anonymous_2)
DA:2,6
DA:3,6
LF:2
LH:2
BRF:0
BRH:0
end_of_record
TN:
SF:src/routes/labels.js
FN:3,(anonymous_0)
FN:4,(anonymous_1)
FN:13,(anonymous_2)
FN:21,(anonymous_3)
FN:31,(anonymous_4)
FN:47,(anonymous_5)
FN:65,(anonymous_6)
FNF:7
FNH:7
FNDA:6,(anonymous_0)
FNDA:2,(anonymous_1)
FNDA:1,(anonymous_2)
FNDA:1,(anonymous_3)
FNDA:1,(anonymous_4)
FNDA:2,(anonymous_5)
FNDA:2,(anonymous_6)
DA:4,6
DA:5,2
DA:6,1
DA:9,1
DA:10,1
DA:11,1
DA:13,6
DA:14,1
DA:15,1
DA:18,0
DA:19,0
DA:21,6
DA:22,1
DA:23,1
DA:26,0
DA:27,0
DA:28,0
DA:29,0
DA:31,6
DA:32,1
DA:33,0
DA:36,1
DA:37,1
DA:38,1
DA:39,1
DA:40,1
DA:42,0
DA:43,0
DA:45,1
DA:47,6
DA:48,2
DA:49,1
DA:52,1
DA:53,1
DA:54,1
DA:55,1
DA:56,1
DA:57,1
DA:58,1
DA:60,0
DA:61,0
DA:63,1
DA:65,6
DA:66,2
DA:67,1
DA:70,1
DA:71,1
DA:72,1
DA:74,1
DA:75,1
DA:77,0
DA:78,0
DA:80,1
LF:53
LH:40
BRDA:5,0,0,1
BRDA:5,0,1,1
BRDA:14,1,0,1
BRDA:14,1,1,0
BRDA:22,2,0,1
BRDA:22,2,1,0
BRDA:32,3,0,0
BRDA:32,3,1,1
BRDA:48,4,0,1
BRDA:48,4,1,1
BRDA:66,5,0,1
BRDA:66,5,1,1
BRF:12
BRH:9
end_of_record
TN:
SF:src/routes/session.js
FN:3,(anonymous_0)
FN:4,(anonymous_1)
FN:11,(anonymous_2)
FN:23,(anonymous_3)
FNF:4
FNH:4
FNDA:6,(anonymous_0)
FNDA:1,(anonymous_1)
FNDA:13,(anonymous_2)
FNDA:1,(anonymous_3)
DA:4,6
DA:5,1
DA:6,1
DA:8,6
DA:12,13
DA:13,1
DA:16,1
DA:18,12
DA:19,12
DA:20,12
DA:23,6
DA:24,1
DA:25,1
DA:26,1
LF:14
LH:14
BRDA:12,0,0,1
BRDA:12,0,1,12
BRF:2
BRH:2
end_of_record
TN:
SF:src/routes/statuses.js
FN:3,(anonymous_0)
FN:4,(anonymous_1)
FN:13,(anonymous_2)
FN:21,(anonymous_3)
FN:31,(anonymous_4)
FN:47,(anonymous_5)
FN:65,(anonymous_6)
FNF:7
FNH:7
FNDA:6,(anonymous_0)
FNDA:2,(anonymous_1)
FNDA:1,(anonymous_2)
FNDA:1,(anonymous_3)
FNDA:2,(anonymous_4)
FNDA:2,(anonymous_5)
FNDA:2,(anonymous_6)
DA:4,6
DA:5,2
DA:6,1
DA:9,1
DA:10,1
DA:11,1
DA:13,6
DA:14,1
DA:15,1
DA:18,0
DA:19,0
DA:21,6
DA:22,1
DA:23,1
DA:26,0
DA:27,0
DA:28,0
DA:29,0
DA:31,6
DA:32,2
DA:33,0
DA:36,2
DA:37,2
DA:38,2
DA:39,2
DA:40,2
DA:42,0
DA:43,0
DA:45,2
DA:47,6
DA:48,2
DA:49,1
DA:52,1
DA:53,1
DA:54,1
DA:55,1
DA:56,1
DA:57,1
DA:58,1
DA:60,0
DA:61,0
DA:63,1
DA:65,6
DA:66,2
DA:67,1
DA:70,1
DA:71,1
DA:72,1
DA:73,1
DA:75,0
DA:77,1
DA:78,1
LF:52
LH:40
BRDA:5,0,0,1
BRDA:5,0,1,1
BRDA:14,1,0,1
BRDA:14,1,1,0
BRDA:22,2,0,1
BRDA:22,2,1,0
BRDA:32,3,0,0
BRDA:32,3,1,2
BRDA:48,4,0,1
BRDA:48,4,1,1
BRDA:66,5,0,1
BRDA:66,5,1,1
BRF:12
BRH:9
end_of_record
TN:
SF:src/routes/tasks.js
FN:3,(anonymous_0)
FN:4,(anonymous_1)
FN:16,(anonymous_2)
FN:35,(anonymous_3)
FN:46,(anonymous_4)
FN:53,(anonymous_5)
FN:65,(anonymous_6)
FN:75,(anonymous_7)
FN:81,(anonymous_8)
FN:91,(anonymous_9)
FN:113,(anonymous_10)
FN:120,(anonymous_11)
FN:129,(anonymous_12)
FN:150,(anonymous_13)
FNF:14
FNH:11
FNDA:6,(anonymous_0)
FNDA:2,(anonymous_1)
FNDA:1,(anonymous_2)
FNDA:1,(anonymous_3)
FNDA:2,(anonymous_4)
FNDA:0,(anonymous_5)
FNDA:2,(anonymous_6)
FNDA:5,(anonymous_7)
FNDA:5,(anonymous_8)
FNDA:0,(anonymous_9)
FNDA:1,(anonymous_10)
FNDA:1,(anonymous_11)
FNDA:0,(anonymous_12)
FNDA:1,(anonymous_13)
DA:4,6
DA:5,2
DA:6,1
DA:9,1
DA:10,1
DA:11,1
DA:12,1
DA:13,1
DA:17,1
DA:18,1
DA:19,1
DA:20,1
DA:22,1
DA:23,1
DA:24,1
DA:25,1
DA:33,1
DA:35,6
DA:36,1
DA:37,1
DA:40,0
DA:41,0
DA:42,0
DA:43,0
DA:44,0
DA:46,6
DA:47,2
DA:48,1
DA:51,1
DA:52,1
DA:53,1
DA:54,1
DA:55,1
DA:56,1
DA:57,1
DA:63,1
DA:65,6
DA:66,2
DA:67,1
DA:70,1
DA:71,1
DA:72,1
DA:73,1
DA:75,6
DA:76,5
DA:77,0
DA:80,5
DA:81,5
DA:82,5
DA:83,5
DA:84,5
DA:86,5
DA:89,5
DA:90,0
DA:91,0
DA:92,0
DA:96,5
DA:97,5
DA:99,0
DA:100,0
DA:101,0
DA:102,0
DA:103,0
DA:111,5
DA:113,6
DA:114,1
DA:115,0
DA:118,1
DA:119,1
DA:120,1
DA:121,1
DA:122,1
DA:123,1
DA:124,1
DA:126,1
DA:127,0
DA:128,0
DA:129,0
DA:130,0
DA:133,1
DA:134,1
DA:136,0
DA:137,0
DA:138,0
DA:139,0
DA:140,0
DA:148,1
DA:150,6
DA:151,1
DA:152,0
DA:155,1
DA:156,1
DA:157,1
DA:158,0
DA:159,0
DA:160,0
DA:163,1
DA:164,1
DA:165,1
DA:166,1
DA:167,1
LF:101
LH:73
BRDA:5,0,0,1
BRDA:5,0,1,1
BRDA:9,1,0,1
BRDA:9,1,1,1
BRDA:10,2,0,1
BRDA:10,2,1,1
BRDA:11,3,0,1
BRDA:11,3,1,1
BRDA:12,4,0,0
BRDA:12,4,1,1
BRDA:36,5,0,1
BRDA:36,5,1,0
BRDA:47,6,0,1
BRDA:47,6,1,1
BRDA:66,7,0,1
BRDA:66,7,1,1
BRDA:76,8,0,0
BRDA:76,8,1,5
BRDA:83,9,0,5
BRDA:83,9,1,5
BRDA:89,10,0,0
BRDA:89,10,1,5
BRDA:114,11,0,0
BRDA:114,11,1,1
BRDA:123,12,0,1
BRDA:123,12,1,1
BRDA:126,13,0,0
BRDA:126,13,1,1
BRDA:151,14,0,0
BRDA:151,14,1,1
BRDA:157,15,0,0
BRDA:157,15,1,1
BRF:32
BRH:24
end_of_record
TN:
SF:src/routes/users.js
FN:3,(anonymous_0)
FN:4,(anonymous_1)
FN:9,(anonymous_2)
FN:12,(anonymous_3)
FN:28,(anonymous_4)
FN:40,(anonymous_5)
FN:58,(anonymous_6)
FNF:7
FNH:7
FNDA:6,(anonymous_0)
FNDA:1,(anonymous_1)
FNDA:1,(anonymous_2)
FNDA:1,(anonymous_3)
FNDA:1,(anonymous_4)
FNDA:2,(anonymous_5)
FNDA:2,(anonymous_6)
DA:4,6
DA:5,1
DA:6,1
DA:7,1
DA:9,6
DA:10,1
DA:12,6
DA:13,1
DA:14,1
DA:17,0
DA:18,0
DA:19,0
DA:20,0
DA:21,0
DA:24,0
DA:25,0
DA:26,0
DA:28,6
DA:29,1
DA:30,1
DA:31,1
DA:32,1
DA:33,1
DA:35,0
DA:36,0
DA:38,1
DA:40,6
DA:41,2
DA:42,1
DA:45,1
DA:46,1
DA:47,1
DA:48,1
DA:49,1
DA:50,1
DA:51,1
DA:53,0
DA:54,0
DA:56,1
DA:58,6
DA:59,2
DA:60,1
DA:63,1
DA:64,1
DA:65,0
DA:66,0
DA:67,0
DA:70,1
DA:71,1
DA:72,1
DA:73,1
DA:75,0
DA:77,1
DA:78,1
LF:54
LH:38
BRDA:13,0,0,1
BRDA:13,0,1,0
BRDA:18,1,0,0
BRDA:18,1,1,0
BRDA:41,2,0,1
BRDA:41,2,1,1
BRDA:59,3,0,1
BRDA:59,3,1,1
BRDA:64,4,0,0
BRDA:64,4,1,1
BRF:10
BRH:6
end_of_record
